<?xml version="1.0" encoding="UTF-8"?>
<coverage generated="1777526222073" clover="3.2.0">
  <project timestamp="1777526222073" name="All files">
    <metrics statements="87" coveredstatements="80" conditionals="20" coveredconditionals="14" methods="25" coveredmethods="18" elements="132" coveredelements="112" complexity="0" loc="87" ncloc="87" packages="3" files="5" classes="5"/>
    <package name="features.auth.hooks">
      <metrics statements="35" coveredstatements="35" conditionals="8" coveredconditionals="6" methods="5" coveredmethods="5"/>
      <file name="useLogin.ts" path="C:\Users\Michael\Documents\Run\RunSubasta\src\features\auth\hooks\useLogin.ts">
        <metrics statements="19" coveredstatements="19" conditionals="4" coveredconditionals="3" methods="3" coveredmethods="3"/>
        <line num="16" count="12" type="stmt"/>
        <line num="17" count="12" type="stmt"/>
        <line num="18" count="12" type="stmt"/>
        <line num="19" count="12" type="stmt"/>
        <line num="20" count="36" type="stmt"/>
        <line num="22" count="12" type="stmt"/>
        <line num="23" count="3" type="cond" truecount="2" falsecount="0"/>
        <line num="24" count="1" type="stmt"/>
        <line num="25" count="1" type="stmt"/>
        <line num="27" count="2" type="stmt"/>
        <line num="28" count="2" type="stmt"/>
        <line num="29" count="2" type="stmt"/>
        <line num="30" count="2" type="stmt"/>
        <line num="31" count="1" type="stmt"/>
        <line num="32" count="1" type="stmt"/>
        <line num="34" count="1" type="cond" truecount="1" falsecount="1"/>
        <line num="35" count="1" type="stmt"/>
        <line num="37" count="2" type="stmt"/>
        <line num="41" count="12" type="stmt"/>
      </file>
      <file name="useOtpVerification.ts" path="C:\Users\Michael\Documents\Run\RunSubasta\src\features\auth\hooks\useOtpVerification.ts">
        <metrics statements="16" coveredstatements="16" conditionals="4" coveredconditionals="3" methods="2" coveredmethods="2"/>
        <line num="14" count="10" type="stmt"/>
        <line num="15" count="10" type="stmt"/>
        <line num="16" count="10" type="stmt"/>
        <line num="17" count="10" type="stmt"/>
        <line num="19" count="10" type="stmt"/>
        <line num="20" count="3" type="cond" truecount="2" falsecount="0"/>
        <line num="21" count="1" type="stmt"/>
        <line num="22" count="1" type="stmt"/>
        <line num="24" count="2" type="stmt"/>
        <line num="25" count="2" type="stmt"/>
        <line num="26" count="2" type="stmt"/>
        <line num="27" count="2" type="stmt"/>
        <line num="28" count="1" type="stmt"/>
        <line num="30" count="1" type="cond" truecount="1" falsecount="1"/>
        <line num="32" count="2" type="stmt"/>
        <line num="36" count="10" type="stmt"/>
      </file>
    </package>
    <package name="shared.utils">
      <metrics statements="40" coveredstatements="37" conditionals="10" coveredconditionals="7" methods="10" coveredmethods="7"/>
      <file name="mapUtils.ts" path="C:\Users\Michael\Documents\Run\RunSubasta\src\shared\utils\mapUtils.ts">
        <metrics statements="40" coveredstatements="37" conditionals="10" coveredconditionals="7" methods="10" coveredmethods="7"/>
        <line num="3" count="1" type="stmt"/>
        <line num="6" count="2" type="stmt"/>
        <line num="7" count="2" type="stmt"/>
        <line num="9" count="2" type="stmt"/>
        <line num="11" count="2" type="stmt"/>
        <line num="15" count="1" type="stmt"/>
        <line num="16" count="1" type="stmt"/>
        <line num="17" count="1" type="stmt"/>
        <line num="18" count="1" type="stmt"/>
        <line num="19" count="1" type="stmt"/>
        <line num="20" count="1" type="stmt"/>
        <line num="24" count="0" type="stmt"/>
        <line num="25" count="0" type="stmt"/>
        <line num="26" count="0" type="stmt"/>
        <line num="35" count="2" type="cond" truecount="2" falsecount="0"/>
        <line num="39" count="2" type="cond" truecount="2" falsecount="0"/>
        <line num="43" count="1" type="stmt"/>
        <line num="44" count="1" type="cond" truecount="1" falsecount="1"/>
        <line num="46" count="1" type="stmt"/>
        <line num="47" count="1" type="stmt"/>
        <line num="48" count="1" type="stmt"/>
        <line num="50" count="1" type="stmt"/>
        <line num="51" count="3" type="stmt"/>
        <line num="52" count="3" type="stmt"/>
        <line num="55" count="3" type="stmt"/>
        <line num="56" count="13" type="stmt"/>
        <line num="57" count="13" type="stmt"/>
        <line num="58" count="13" type="stmt"/>
        <line num="61" count="3" type="cond" truecount="1" falsecount="1"/>
        <line num="63" count="3" type="stmt"/>
        <line num="64" count="3" type="stmt"/>
        <line num="65" count="3" type="stmt"/>
        <line num="66" count="14" type="stmt"/>
        <line num="67" count="14" type="stmt"/>
        <line num="68" count="14" type="stmt"/>
        <line num="71" count="3" type="cond" truecount="1" falsecount="1"/>
        <line num="73" count="3" type="stmt"/>
        <line num="79" count="1" type="stmt"/>
        <line num="82" count="11" type="stmt"/>
        <line num="83" count="1" type="stmt"/>
      </file>
    </package>
    <package name="store">
      <metrics statements="12" coveredstatements="8" conditionals="2" coveredconditionals="1" methods="10" coveredmethods="6"/>
      <file name="useAuthStore.ts" path="C:\Users\Michael\Documents\Run\RunSubasta\src\store\useAuthStore.ts">
        <metrics statements="4" coveredstatements="2" conditionals="0" coveredconditionals="0" methods="4" coveredmethods="2"/>
        <line num="15" count="1" type="stmt"/>
        <line num="21" count="1" type="stmt"/>
        <line num="22" count="0" type="stmt"/>
        <line num="23" count="0" type="stmt"/>
      </file>
      <file name="useTaxiStore.ts" path="C:\Users\Michael\Documents\Run\RunSubasta\src\store\useTaxiStore.ts">
        <metrics statements="8" coveredstatements="6" conditionals="2" coveredconditionals="1" methods="6" coveredmethods="4"/>
        <line num="18" count="1" type="stmt"/>
        <line num="23" count="3" type="stmt"/>
        <line num="24" count="0" type="stmt"/>
        <line num="25" count="0" type="stmt"/>
        <line num="27" count="2" type="stmt"/>
        <line num="28" count="2" type="cond" truecount="1" falsecount="1"/>
        <line num="29" count="2" type="stmt"/>
        <line num="31" count="1" type="stmt"/>
      </file>
    </package>
  </project>
</coverage>
