{"C:\\Users\\Michael\\Documents\\Run\\RunSubasta\\src\\features\\auth\\hooks\\useLogin.ts": {"path":"C:\\Users\\Michael\\Documents\\Run\\RunSubasta\\src\\features\\auth\\hooks\\useLogin.ts","statementMap":{"0":{"start":{"line":16,"column":28},"end":{"line":16,"column":40}},"1":{"start":{"line":17,"column":40},"end":{"line":17,"column":55}},"2":{"start":{"line":18,"column":36},"end":{"line":18,"column":51}},"3":{"start":{"line":19,"column":28},"end":{"line":19,"column":57}},"4":{"start":{"line":20,"column":24},"end":{"line":20,"column":55}},"5":{"start":{"line":20,"column":44},"end":{"line":20,"column":54}},"6":{"start":{"line":22,"column":22},"end":{"line":39,"column":3}},"7":{"start":{"line":23,"column":4},"end":{"line":26,"column":5}},"8":{"start":{"line":24,"column":6},"end":{"line":24,"column":43}},"9":{"start":{"line":25,"column":6},"end":{"line":25,"column":19}},"10":{"start":{"line":27,"column":4},"end":{"line":27,"column":19}},"11":{"start":{"line":28,"column":4},"end":{"line":28,"column":23}},"12":{"start":{"line":29,"column":4},"end":{"line":38,"column":5}},"13":{"start":{"line":30,"column":6},"end":{"line":30,"column":52}},"14":{"start":{"line":31,"column":6},"end":{"line":31,"column":40}},"15":{"start":{"line":32,"column":6},"end":{"line":32,"column":18}},"16":{"start":{"line":34,"column":6},"end":{"line":34,"column":72}},"17":{"start":{"line":35,"column":6},"end":{"line":35,"column":19}},"18":{"start":{"line":37,"column":6},"end":{"line":37,"column":26}},"19":{"start":{"line":41,"column":2},"end":{"line":41,"column":89}}},"fnMap":{"0":{"name":"useLogin","decl":{"start":{"line":15,"column":16},"end":{"line":15,"column":24}},"loc":{"start":{"line":15,"column":43},"end":{"line":42,"column":1}},"line":15},"1":{"name":"(anonymous_1)","decl":{"start":{"line":20,"column":37},"end":{"line":20,"column":38}},"loc":{"start":{"line":20,"column":44},"end":{"line":20,"column":54}},"line":20},"2":{"name":"(anonymous_2)","decl":{"start":{"line":22,"column":22},"end":{"line":22,"column":23}},"loc":{"start":{"line":22,"column":52},"end":{"line":39,"column":3}},"line":22}},"branchMap":{"0":{"loc":{"start":{"line":23,"column":4},"end":{"line":26,"column":5}},"type":"if","locations":[{"start":{"line":23,"column":4},"end":{"line":26,"column":5}},{"start":{},"end":{}}],"line":23},"1":{"loc":{"start":{"line":34,"column":15},"end":{"line":34,"column":70}},"type":"cond-expr","locations":[{"start":{"line":34,"column":38},"end":{"line":34,"column":49}},{"start":{"line":34,"column":52},"end":{"line":34,"column":70}}],"line":34}},"s":{"0":12,"1":12,"2":12,"3":12,"4":12,"5":36,"6":12,"7":3,"8":1,"9":1,"10":2,"11":2,"12":2,"13":2,"14":1,"15":1,"16":1,"17":1,"18":2,"19":12},"f":{"0":12,"1":36,"2":3},"b":{"0":[1,2],"1":[1,0]},"_coverageSchema":"1a1c01bbd47fc00a2c39e90264f33305004495a9","hash":"2d36af3e528605ba787cde01e77e630c0baa8c01"}
,"C:\\Users\\Michael\\Documents\\Run\\RunSubasta\\src\\features\\auth\\hooks\\useOtpVerification.ts": {"path":"C:\\Users\\Michael\\Documents\\Run\\RunSubasta\\src\\features\\auth\\hooks\\useOtpVerification.ts","statementMap":{"0":{"start":{"line":14,"column":26},"end":{"line":14,"column":38}},"1":{"start":{"line":15,"column":36},"end":{"line":15,"column":51}},"2":{"start":{"line":16,"column":28},"end":{"line":16,"column":57}},"3":{"start":{"line":17,"column":51},"end":{"line":17,"column":65}},"4":{"start":{"line":19,"column":21},"end":{"line":34,"column":3}},"5":{"start":{"line":20,"column":4},"end":{"line":23,"column":5}},"6":{"start":{"line":21,"column":6},"end":{"line":21,"column":49}},"7":{"start":{"line":22,"column":6},"end":{"line":22,"column":13}},"8":{"start":{"line":24,"column":4},"end":{"line":24,"column":19}},"9":{"start":{"line":25,"column":4},"end":{"line":25,"column":23}},"10":{"start":{"line":26,"column":4},"end":{"line":33,"column":5}},"11":{"start":{"line":27,"column":30},"end":{"line":27,"column":83}},"12":{"start":{"line":28,"column":6},"end":{"line":28,"column":36}},"13":{"start":{"line":30,"column":6},"end":{"line":30,"column":73}},"14":{"start":{"line":32,"column":6},"end":{"line":32,"column":26}},"15":{"start":{"line":36,"column":2},"end":{"line":36,"column":57}}},"fnMap":{"0":{"name":"useOtpVerification","decl":{"start":{"line":13,"column":16},"end":{"line":13,"column":34}},"loc":{"start":{"line":13,"column":63},"end":{"line":37,"column":1}},"line":13},"1":{"name":"(anonymous_1)","decl":{"start":{"line":19,"column":21},"end":{"line":19,"column":22}},"loc":{"start":{"line":19,"column":48},"end":{"line":34,"column":3}},"line":19}},"branchMap":{"0":{"loc":{"start":{"line":20,"column":4},"end":{"line":23,"column":5}},"type":"if","locations":[{"start":{"line":20,"column":4},"end":{"line":23,"column":5}},{"start":{},"end":{}}],"line":20},"1":{"loc":{"start":{"line":30,"column":15},"end":{"line":30,"column":71}},"type":"cond-expr","locations":[{"start":{"line":30,"column":38},"end":{"line":30,"column":49}},{"start":{"line":30,"column":52},"end":{"line":30,"column":71}}],"line":30}},"s":{"0":10,"1":10,"2":10,"3":10,"4":10,"5":3,"6":1,"7":1,"8":2,"9":2,"10":2,"11":2,"12":1,"13":1,"14":2,"15":10},"f":{"0":10,"1":3},"b":{"0":[1,2],"1":[1,0]},"_coverageSchema":"1a1c01bbd47fc00a2c39e90264f33305004495a9","hash":"a6ad7c5c8d5a68cc0392c5493163ae3efe495141"}
,"C:\\Users\\Michael\\Documents\\Run\\RunSubasta\\src\\shared\\utils\\mapUtils.ts": {"path":"C:\\Users\\Michael\\Documents\\Run\\RunSubasta\\src\\shared\\utils\\mapUtils.ts","statementMap":{"0":{"start":{"line":3,"column":24},"end":{"line":3,"column":28}},"1":{"start":{"line":6,"column":15},"end":{"line":6,"column":49}},"2":{"start":{"line":7,"column":15},"end":{"line":7,"column":51}},"3":{"start":{"line":9,"column":4},"end":{"line":10,"column":91}},"4":{"start":{"line":11,"column":2},"end":{"line":11,"column":74}},"5":{"start":{"line":15,"column":15},"end":{"line":15,"column":51}},"6":{"start":{"line":16,"column":15},"end":{"line":16,"column":35}},"7":{"start":{"line":17,"column":15},"end":{"line":17,"column":33}},"8":{"start":{"line":18,"column":12},"end":{"line":18,"column":43}},"9":{"start":{"line":19,"column":12},"end":{"line":19,"column":94}},"10":{"start":{"line":20,"column":2},"end":{"line":20,"column":49}},"11":{"start":{"line":24,"column":15},"end":{"line":24,"column":44}},"12":{"start":{"line":24,"column":33},"end":{"line":24,"column":43}},"13":{"start":{"line":25,"column":15},"end":{"line":25,"column":45}},"14":{"start":{"line":25,"column":33},"end":{"line":25,"column":44}},"15":{"start":{"line":26,"column":2},"end":{"line":31,"column":4}},"16":{"start":{"line":35,"column":2},"end":{"line":35,"column":71}},"17":{"start":{"line":39,"column":2},"end":{"line":39,"column":95}},"18":{"start":{"line":43,"column":30},"end":{"line":43,"column":32}},"19":{"start":{"line":44,"column":2},"end":{"line":44,"column":28}},"20":{"start":{"line":44,"column":16},"end":{"line":44,"column":28}},"21":{"start":{"line":46,"column":14},"end":{"line":46,"column":15}},"22":{"start":{"line":47,"column":12},"end":{"line":47,"column":13}},"23":{"start":{"line":48,"column":12},"end":{"line":48,"column":13}},"24":{"start":{"line":50,"column":2},"end":{"line":77,"column":3}},"25":{"start":{"line":51,"column":16},"end":{"line":51,"column":17}},"26":{"start":{"line":52,"column":17},"end":{"line":52,"column":18}},"27":{"start":{"line":55,"column":4},"end":{"line":59,"column":27}},"28":{"start":{"line":56,"column":6},"end":{"line":56,"column":46}},"29":{"start":{"line":57,"column":6},"end":{"line":57,"column":39}},"30":{"start":{"line":58,"column":6},"end":{"line":58,"column":17}},"31":{"start":{"line":61,"column":4},"end":{"line":61,"column":61}},"32":{"start":{"line":63,"column":4},"end":{"line":63,"column":14}},"33":{"start":{"line":64,"column":4},"end":{"line":64,"column":15}},"34":{"start":{"line":65,"column":4},"end":{"line":69,"column":27}},"35":{"start":{"line":66,"column":6},"end":{"line":66,"column":46}},"36":{"start":{"line":67,"column":6},"end":{"line":67,"column":39}},"37":{"start":{"line":68,"column":6},"end":{"line":68,"column":17}},"38":{"start":{"line":71,"column":4},"end":{"line":71,"column":61}},"39":{"start":{"line":73,"column":4},"end":{"line":76,"column":7}},"40":{"start":{"line":79,"column":2},"end":{"line":79,"column":14}},"41":{"start":{"line":82,"column":30},"end":{"line":82,"column":59}},"42":{"start":{"line":83,"column":30},"end":{"line":83,"column":59}}},"fnMap":{"0":{"name":"calculateDistance","decl":{"start":{"line":5,"column":16},"end":{"line":5,"column":33}},"loc":{"start":{"line":5,"column":78},"end":{"line":12,"column":1}},"line":5},"1":{"name":"calculateBearing","decl":{"start":{"line":14,"column":16},"end":{"line":14,"column":32}},"loc":{"start":{"line":14,"column":77},"end":{"line":21,"column":1}},"line":14},"2":{"name":"getBoundingBox","decl":{"start":{"line":23,"column":16},"end":{"line":23,"column":30}},"loc":{"start":{"line":23,"column":54},"end":{"line":32,"column":1}},"line":23},"3":{"name":"(anonymous_3)","decl":{"start":{"line":24,"column":26},"end":{"line":24,"column":27}},"loc":{"start":{"line":24,"column":33},"end":{"line":24,"column":43}},"line":24},"4":{"name":"(anonymous_4)","decl":{"start":{"line":25,"column":26},"end":{"line":25,"column":27}},"loc":{"start":{"line":25,"column":33},"end":{"line":25,"column":44}},"line":25},"5":{"name":"formatDistance","decl":{"start":{"line":34,"column":16},"end":{"line":34,"column":30}},"loc":{"start":{"line":34,"column":51},"end":{"line":36,"column":1}},"line":34},"6":{"name":"formatEta","decl":{"start":{"line":38,"column":16},"end":{"line":38,"column":25}},"loc":{"start":{"line":38,"column":51},"end":{"line":40,"column":1}},"line":38},"7":{"name":"decodePolyline","decl":{"start":{"line":42,"column":16},"end":{"line":42,"column":30}},"loc":{"start":{"line":42,"column":63},"end":{"line":80,"column":1}},"line":42},"8":{"name":"toRad","decl":{"start":{"line":82,"column":9},"end":{"line":82,"column":14}},"loc":{"start":{"line":82,"column":28},"end":{"line":82,"column":61}},"line":82},"9":{"name":"toDeg","decl":{"start":{"line":83,"column":9},"end":{"line":83,"column":14}},"loc":{"start":{"line":83,"column":28},"end":{"line":83,"column":61}},"line":83}},"branchMap":{"0":{"loc":{"start":{"line":35,"column":9},"end":{"line":35,"column":70}},"type":"cond-expr","locations":[{"start":{"line":35,"column":18},"end":{"line":35,"column":46}},{"start":{"line":35,"column":49},"end":{"line":35,"column":70}}],"line":35},"1":{"loc":{"start":{"line":39,"column":9},"end":{"line":39,"column":94}},"type":"cond-expr","locations":[{"start":{"line":39,"column":24},"end":{"line":39,"column":40}},{"start":{"line":39,"column":43},"end":{"line":39,"column":94}}],"line":39},"2":{"loc":{"start":{"line":44,"column":2},"end":{"line":44,"column":28}},"type":"if","locations":[{"start":{"line":44,"column":2},"end":{"line":44,"column":28}},{"start":{},"end":{}}],"line":44},"3":{"loc":{"start":{"line":61,"column":11},"end":{"line":61,"column":60}},"type":"cond-expr","locations":[{"start":{"line":61,"column":32},"end":{"line":61,"column":46}},{"start":{"line":61,"column":49},"end":{"line":61,"column":60}}],"line":61},"4":{"loc":{"start":{"line":71,"column":11},"end":{"line":71,"column":60}},"type":"cond-expr","locations":[{"start":{"line":71,"column":32},"end":{"line":71,"column":46}},{"start":{"line":71,"column":49},"end":{"line":71,"column":60}}],"line":71}},"s":{"0":1,"1":2,"2":2,"3":2,"4":2,"5":1,"6":1,"7":1,"8":1,"9":1,"10":1,"11":0,"12":0,"13":0,"14":0,"15":0,"16":2,"17":2,"18":1,"19":1,"20":0,"21":1,"22":1,"23":1,"24":1,"25":3,"26":3,"27":3,"28":13,"29":13,"30":13,"31":3,"32":3,"33":3,"34":3,"35":14,"36":14,"37":14,"38":3,"39":3,"40":1,"41":11,"42":1},"f":{"0":2,"1":1,"2":0,"3":0,"4":0,"5":2,"6":2,"7":1,"8":11,"9":1},"b":{"0":[1,1],"1":[1,1],"2":[0,1],"3":[0,3],"4":[3,0]},"_coverageSchema":"1a1c01bbd47fc00a2c39e90264f33305004495a9","hash":"71366aa556b371b4a9743450053e399f1ce4492a"}
,"C:\\Users\\Michael\\Documents\\Run\\RunSubasta\\src\\store\\useAuthStore.ts": {"path":"C:\\Users\\Michael\\Documents\\Run\\RunSubasta\\src\\store\\useAuthStore.ts","statementMap":{"0":{"start":{"line":15,"column":28},"end":{"line":24,"column":3}},"1":{"start":{"line":15,"column":56},"end":{"line":24,"column":1}},"2":{"start":{"line":21,"column":36},"end":{"line":21,"column":63}},"3":{"start":{"line":22,"column":37},"end":{"line":22,"column":80}},"4":{"start":{"line":23,"column":16},"end":{"line":23,"column":103}}},"fnMap":{"0":{"name":"(anonymous_0)","decl":{"start":{"line":15,"column":46},"end":{"line":15,"column":47}},"loc":{"start":{"line":15,"column":56},"end":{"line":24,"column":1}},"line":15},"1":{"name":"(anonymous_1)","decl":{"start":{"line":21,"column":12},"end":{"line":21,"column":13}},"loc":{"start":{"line":21,"column":36},"end":{"line":21,"column":63}},"line":21},"2":{"name":"(anonymous_2)","decl":{"start":{"line":22,"column":20},"end":{"line":22,"column":21}},"loc":{"start":{"line":22,"column":37},"end":{"line":22,"column":80}},"line":22},"3":{"name":"(anonymous_3)","decl":{"start":{"line":23,"column":10},"end":{"line":23,"column":11}},"loc":{"start":{"line":23,"column":16},"end":{"line":23,"column":103}},"line":23}},"branchMap":{},"s":{"0":1,"1":1,"2":1,"3":0,"4":0},"f":{"0":1,"1":1,"2":0,"3":0},"b":{},"_coverageSchema":"1a1c01bbd47fc00a2c39e90264f33305004495a9","hash":"e4eb1e53cf500796a86b1150b783b8b3a39cb3af"}
,"C:\\Users\\Michael\\Documents\\Run\\RunSubasta\\src\\store\\useTaxiStore.ts": {"path":"C:\\Users\\Michael\\Documents\\Run\\RunSubasta\\src\\store\\useTaxiStore.ts","statementMap":{"0":{"start":{"line":18,"column":28},"end":{"line":32,"column":3}},"1":{"start":{"line":18,"column":61},"end":{"line":32,"column":1}},"2":{"start":{"line":23,"column":27},"end":{"line":23,"column":62}},"3":{"start":{"line":24,"column":21},"end":{"line":24,"column":34}},"4":{"start":{"line":25,"column":39},"end":{"line":25,"column":61}},"5":{"start":{"line":27,"column":24},"end":{"line":27,"column":29}},"6":{"start":{"line":28,"column":4},"end":{"line":28,"column":25}},"7":{"start":{"line":28,"column":18},"end":{"line":28,"column":25}},"8":{"start":{"line":29,"column":4},"end":{"line":29,"column":81}},"9":{"start":{"line":31,"column":17},"end":{"line":31,"column":71}}},"fnMap":{"0":{"name":"(anonymous_0)","decl":{"start":{"line":18,"column":46},"end":{"line":18,"column":47}},"loc":{"start":{"line":18,"column":61},"end":{"line":32,"column":1}},"line":18},"1":{"name":"(anonymous_1)","decl":{"start":{"line":23,"column":14},"end":{"line":23,"column":15}},"loc":{"start":{"line":23,"column":27},"end":{"line":23,"column":62}},"line":23},"2":{"name":"(anonymous_2)","decl":{"start":{"line":24,"column":11},"end":{"line":24,"column":12}},"loc":{"start":{"line":24,"column":21},"end":{"line":24,"column":34}},"line":24},"3":{"name":"(anonymous_3)","decl":{"start":{"line":25,"column":20},"end":{"line":25,"column":21}},"loc":{"start":{"line":25,"column":39},"end":{"line":25,"column":61}},"line":25},"4":{"name":"(anonymous_4)","decl":{"start":{"line":26,"column":15},"end":{"line":26,"column":16}},"loc":{"start":{"line":26,"column":27},"end":{"line":30,"column":3}},"line":26},"5":{"name":"(anonymous_5)","decl":{"start":{"line":31,"column":11},"end":{"line":31,"column":12}},"loc":{"start":{"line":31,"column":17},"end":{"line":31,"column":71}},"line":31}},"branchMap":{"0":{"loc":{"start":{"line":28,"column":4},"end":{"line":28,"column":25}},"type":"if","locations":[{"start":{"line":28,"column":4},"end":{"line":28,"column":25}},{"start":{},"end":{}}],"line":28}},"s":{"0":1,"1":1,"2":3,"3":0,"4":0,"5":2,"6":2,"7":0,"8":2,"9":1},"f":{"0":1,"1":3,"2":0,"3":0,"4":2,"5":1},"b":{"0":[0,2]},"_coverageSchema":"1a1c01bbd47fc00a2c39e90264f33305004495a9","hash":"30dde5c427d137ac926bcec492ab3793812a67cb"}
}
