TN:
SF:src\features\auth\hooks\useLogin.ts
FN:15,useLogin
FN:20,(anonymous_1)
FN:22,(anonymous_2)
FNF:3
FNH:3
FNDA:12,useLogin
FNDA:36,(anonymous_1)
FNDA:3,(anonymous_2)
DA:16,12
DA:17,12
DA:18,12
DA:19,12
DA:20,36
DA:22,12
DA:23,3
DA:24,1
DA:25,1
DA:27,2
DA:28,2
DA:29,2
DA:30,2
DA:31,1
DA:32,1
DA:34,1
DA:35,1
DA:37,2
DA:41,12
LF:19
LH:19
BRDA:23,0,0,1
BRDA:23,0,1,2
BRDA:34,1,0,1
BRDA:34,1,1,0
BRF:4
BRH:3
end_of_record
TN:
SF:src\features\auth\hooks\useOtpVerification.ts
FN:13,useOtpVerification
FN:19,(anonymous_1)
FNF:2
FNH:2
FNDA:10,useOtpVerification
FNDA:3,(anonymous_1)
DA:14,10
DA:15,10
DA:16,10
DA:17,10
DA:19,10
DA:20,3
DA:21,1
DA:22,1
DA:24,2
DA:25,2
DA:26,2
DA:27,2
DA:28,1
DA:30,1
DA:32,2
DA:36,10
LF:16
LH:16
BRDA:20,0,0,1
BRDA:20,0,1,2
BRDA:30,1,0,1
BRDA:30,1,1,0
BRF:4
BRH:3
end_of_record
TN:
SF:src\shared\utils\mapUtils.ts
FN:5,calculateDistance
FN:14,calculateBearing
FN:23,getBoundingBox
FN:24,(anonymous_3)
FN:25,(anonymous_4)
FN:34,formatDistance
FN:38,formatEta
FN:42,decodePolyline
FN:82,toRad
FN:83,toDeg
FNF:10
FNH:7
FNDA:2,calculateDistance
FNDA:1,calculateBearing
FNDA:0,getBoundingBox
FNDA:0,(anonymous_3)
FNDA:0,(anonymous_4)
FNDA:2,formatDistance
FNDA:2,formatEta
FNDA:1,decodePolyline
FNDA:11,toRad
FNDA:1,toDeg
DA:3,1
DA:6,2
DA:7,2
DA:9,2
DA:11,2
DA:15,1
DA:16,1
DA:17,1
DA:18,1
DA:19,1
DA:20,1
DA:24,0
DA:25,0
DA:26,0
DA:35,2
DA:39,2
DA:43,1
DA:44,1
DA:46,1
DA:47,1
DA:48,1
DA:50,1
DA:51,3
DA:52,3
DA:55,3
DA:56,13
DA:57,13
DA:58,13
DA:61,3
DA:63,3
DA:64,3
DA:65,3
DA:66,14
DA:67,14
DA:68,14
DA:71,3
DA:73,3
DA:79,1
DA:82,11
DA:83,1
LF:40
LH:37
BRDA:35,0,0,1
BRDA:35,0,1,1
BRDA:39,1,0,1
BRDA:39,1,1,1
BRDA:44,2,0,0
BRDA:44,2,1,1
BRDA:61,3,0,0
BRDA:61,3,1,3
BRDA:71,4,0,3
BRDA:71,4,1,0
BRF:10
BRH:7
end_of_record
TN:
SF:src\store\useAuthStore.ts
FN:15,(anonymous_0)
FN:21,(anonymous_1)
FN:22,(anonymous_2)
FN:23,(anonymous_3)
FNF:4
FNH:2
FNDA:1,(anonymous_0)
FNDA:1,(anonymous_1)
FNDA:0,(anonymous_2)
FNDA:0,(anonymous_3)
DA:15,1
DA:21,1
DA:22,0
DA:23,0
LF:4
LH:2
BRF:0
BRH:0
end_of_record
TN:
SF:src\store\useTaxiStore.ts
FN:18,(anonymous_0)
FN:23,(anonymous_1)
FN:24,(anonymous_2)
FN:25,(anonymous_3)
FN:26,(anonymous_4)
FN:31,(anonymous_5)
FNF:6
FNH:4
FNDA:1,(anonymous_0)
FNDA:3,(anonymous_1)
FNDA:0,(anonymous_2)
FNDA:0,(anonymous_3)
FNDA:2,(anonymous_4)
FNDA:1,(anonymous_5)
DA:18,1
DA:23,3
DA:24,0
DA:25,0
DA:27,2
DA:28,2
DA:29,2
DA:31,1
LF:8
LH:6
BRDA:28,0,0,0
BRDA:28,0,1,2
BRF:2
BRH:1
end_of_record
